c:\users\kristian\source\repos\sfml_rpg\sfml_rpg\x64\release\vc141.pdb
c:\users\kristian\source\repos\sfml_rpg\sfml_rpg\x64\release\testenemy.obj
c:\users\kristian\source\repos\sfml_rpg\sfml_rpg\x64\release\statemachine.obj
c:\users\kristian\source\repos\sfml_rpg\sfml_rpg\x64\release\state.obj
c:\users\kristian\source\repos\sfml_rpg\sfml_rpg\x64\release\source.obj
c:\users\kristian\source\repos\sfml_rpg\sfml_rpg\x64\release\savelevelpanel.obj
c:\users\kristian\source\repos\sfml_rpg\sfml_rpg\x64\release\progressbar.obj
c:\users\kristian\source\repos\sfml_rpg\sfml_rpg\x64\release\pointinterpolator.obj
c:\users\kristian\source\repos\sfml_rpg\sfml_rpg\x64\release\player.obj
c:\users\kristian\source\repos\sfml_rpg\sfml_rpg\x64\release\menustate.obj
c:\users\kristian\source\repos\sfml_rpg\sfml_rpg\x64\release\log.obj
c:\users\kristian\source\repos\sfml_rpg\sfml_rpg\x64\release\levelmanager.obj
c:\users\kristian\source\repos\sfml_rpg\sfml_rpg\x64\release\leveleditorstate.obj
c:\users\kristian\source\repos\sfml_rpg\sfml_rpg\x64\release\leveleditorsidepanel.obj
c:\users\kristian\source\repos\sfml_rpg\sfml_rpg\x64\release\level.obj
c:\users\kristian\source\repos\sfml_rpg\sfml_rpg\x64\release\gamestate.obj
c:\users\kristian\source\repos\sfml_rpg\sfml_rpg\x64\release\enemy.obj
c:\users\kristian\source\repos\sfml_rpg\sfml_rpg\x64\release\camera.obj
c:\users\kristian\source\repos\sfml_rpg\sfml_rpg\x64\release\button.obj
c:\users\kristian\source\repos\sfml_rpg\sfml_rpg\x64\release\baseenemy.obj
c:\users\kristian\source\repos\sfml_rpg\sfml_rpg\x64\release\helperfunctions.obj
c:\users\kristian\source\repos\sfml_rpg\sfml_rpg\x64\release\tile.obj
c:\users\kristian\source\repos\sfml_rpg\sfml_rpg\x64\release\textureloader.obj
c:\users\kristian\source\repos\sfml_rpg\sfml_rpg\x64\release\textbox.obj
c:\users\kristian\source\repos\sfml_rpg\sfml_rpg\x64\release\app.obj
c:\users\kristian\source\repos\sfml_rpg\x64\release\sfml_rpg.exe
c:\users\kristian\source\repos\sfml_rpg\x64\release\sfml_rpg.pdb
c:\users\kristian\source\repos\sfml_rpg\x64\release\sfml_rpg.ipdb
c:\users\kristian\source\repos\sfml_rpg\x64\release\sfml_rpg.iobj
c:\users\kristian\source\repos\sfml_rpg\sfml_rpg\x64\release\sfml_rpg.tlog\cl.command.1.tlog
c:\users\kristian\source\repos\sfml_rpg\sfml_rpg\x64\release\sfml_rpg.tlog\cl.read.1.tlog
c:\users\kristian\source\repos\sfml_rpg\sfml_rpg\x64\release\sfml_rpg.tlog\cl.write.1.tlog
c:\users\kristian\source\repos\sfml_rpg\sfml_rpg\x64\release\sfml_rpg.tlog\link.command.1.tlog
c:\users\kristian\source\repos\sfml_rpg\sfml_rpg\x64\release\sfml_rpg.tlog\link.read.1.tlog
c:\users\kristian\source\repos\sfml_rpg\sfml_rpg\x64\release\sfml_rpg.tlog\link.write.1.tlog
c:\users\kristian\source\repos\sfml_rpg\sfml_rpg\x64\release\sfml_rpg.tlog\sfml_rpg.write.1u.tlog
